c:\usr\koei\tenshouki95\dllwrap\retsudeneditor\retsudeneditor\release\vc120.pdb
g:\repogitory_jp\nobu6_tool_retsuden_editor\retsudeneditor\retsudeneditor\release\ls11_splitdata.obj
g:\repogitory_jp\nobu6_tool_retsuden_editor\retsudeneditor\retsudeneditor\release\ls11_encode.obj
g:\repogitory_jp\nobu6_tool_retsuden_editor\retsudeneditor\retsudeneditor\release\main.obj
g:\repogitory_jp\nobu6_tool_retsuden_editor\retsudeneditor\retsudeneditor\release\dotnetstringtomultibyte.obj
g:\repogitory_jp\nobu6_tool_retsuden_editor\retsudeneditor\retsudeneditor\release\ls11dotnet.obj
g:\repogitory_jp\nobu6_tool_retsuden_editor\retsudeneditor\retsudeneditor\release\ls11_getfiledata.obj
g:\repogitory_jp\nobu6_tool_retsuden_editor\retsudeneditor\retsudeneditor\release\ls11_joindata.obj
g:\repogitory_jp\nobu6_tool_retsuden_editor\retsudeneditor\retsudeneditor\release\cnvhankakuzenakaku.obj
g:\repogitory_jp\nobu6_tool_retsuden_editor\retsudeneditor\retsudeneditor\release\onigregex.obj
g:\repogitory_jp\nobu6_tool_retsuden_editor\retsudeneditor\retsudeneditor\release\ls11_outfiledata.obj
g:\repogitory_jp\nobu6_tool_retsuden_editor\retsudeneditor\retsudeneditor\release\ls11_decodepack.obj
g:\repogitory_jp\nobu6_tool_retsuden_editor\retsudeneditor\retsudeneditor\release\ls11_encodepack.obj
g:\repogitory_jp\nobu6_tool_retsuden_editor\retsudeneditor\retsudeneditor\release\outputdebugstream.obj
g:\repogitory_jp\nobu6_tool_retsuden_editor\retsudeneditor\retsudeneditor\release\ls11_decode.obj
g:\repogitory_jp\nobu6_tool_retsuden_editor\retsudeneditor\retsudeneditor\release\vc120.pdb
g:\repogitory_jp\nobu6_tool_retsuden_editor\retsudeneditor\retsudeneditor\release\.netframework,version=v4.0.assemblyattributes.obj
c:\usr\koei\tenshouki95\dllwrap\retsudeneditor\release\retsudeneditor.exe
g:\repogitory_jp\nobu6_tool_retsuden_editor\retsudeneditor\release\retsudeneditor.exe
g:\repogitory_jp\nobu6_tool_retsuden_editor\retsudeneditor\retsudeneditor\release\retsudeneditor.res
c:\usr\koei\tenshouki95\dllwrap\retsudeneditor\retsudeneditor\release\retsudeneditor.retsudeneditorres.resources
g:\repogitory_jp\nobu6_tool_retsuden_editor\retsudeneditor\retsudeneditor\release\retsudeneditor.retsudeneditorres.resources
g:\repogitory_jp\nobu6_tool_retsuden_editor\retsudeneditor\retsudeneditor\release\retsudeneditor.vcxproj.generateresource.cache
g:\repogitory_jp\nobu6_tool_retsuden_editor\retsudeneditor\retsudeneditor\release\retsudeneditor.vcxprojassemblyreference.cache
g:\repogitory_jp\nobu6_tool_retsuden_editor\retsudeneditor\retsudeneditor\release\retsudeneditor.vcxprojresolveassemblyreference.cache
g:\repogitory_jp\nobu6_tool_retsuden_editor\retsudeneditor\retsudeneditor\release\retsudeneditor.tlog\cl.command.1.tlog
g:\repogitory_jp\nobu6_tool_retsuden_editor\retsudeneditor\retsudeneditor\release\retsudeneditor.tlog\cl.read.1.tlog
g:\repogitory_jp\nobu6_tool_retsuden_editor\retsudeneditor\retsudeneditor\release\retsudeneditor.tlog\cl.write.1.tlog
g:\repogitory_jp\nobu6_tool_retsuden_editor\retsudeneditor\retsudeneditor\release\retsudeneditor.tlog\link.command.1.tlog
g:\repogitory_jp\nobu6_tool_retsuden_editor\retsudeneditor\retsudeneditor\release\retsudeneditor.tlog\link.read.1.tlog
g:\repogitory_jp\nobu6_tool_retsuden_editor\retsudeneditor\retsudeneditor\release\retsudeneditor.tlog\link.write.1.tlog
g:\repogitory_jp\nobu6_tool_retsuden_editor\retsudeneditor\retsudeneditor\release\retsudeneditor.tlog\metagen.read.1.tlog
g:\repogitory_jp\nobu6_tool_retsuden_editor\retsudeneditor\retsudeneditor\release\retsudeneditor.tlog\metagen.write.1.tlog
g:\repogitory_jp\nobu6_tool_retsuden_editor\retsudeneditor\retsudeneditor\release\retsudeneditor.tlog\rc.command.1.tlog
g:\repogitory_jp\nobu6_tool_retsuden_editor\retsudeneditor\retsudeneditor\release\retsudeneditor.tlog\rc.read.1.tlog
g:\repogitory_jp\nobu6_tool_retsuden_editor\retsudeneditor\retsudeneditor\release\retsudeneditor.tlog\rc.write.1.tlog
g:\repogitory_jp\nobu6_tool_retsuden_editor\retsudeneditor\retsudeneditor\release\retsudeneditor.tlog\retsudeneditor.write.1u.tlog
g:\repogitory_jp\nobu6_tool_retsuden_editor\retsudeneditor\retsudeneditor\release\retsudeneditor.tlog\tzres.dll.bi
